This file contains any messages produced by compilers while
running configure, to aid debugging if configure makes a mistake.

It was created by bjavaloader-gui configure 1.0, which was
generated by GNU Autoconf 2.67.  Invocation command line was

  $ ./configure 

## --------- ##
## Platform. ##
## --------- ##

hostname = Taylorlaptop
uname -m = x86_64
uname -r = 3.13.0-44-generic
uname -s = Linux
uname -v = #73-Ubuntu SMP Tue Dec 16 00:22:43 UTC 2014

/usr/bin/uname -p = unknown
/bin/uname -X     = unknown

/bin/arch              = unknown
/usr/bin/arch -k       = unknown
/usr/convex/getsysinfo = unknown
/usr/bin/hostinfo      = unknown
/bin/machine           = unknown
/usr/bin/oslevel       = unknown
/bin/universe          = unknown

PATH: /usr/local/sbin
PATH: /usr/local/bin
PATH: /usr/sbin
PATH: /usr/bin
PATH: /sbin
PATH: /bin
PATH: /usr/games
PATH: /usr/local/games


## ----------- ##
## Core tests. ##
## ----------- ##

configure:2562: checking for a BSD-compatible install
configure:2630: result: /usr/bin/install -c
configure:2641: checking whether build environment is sane
configure:2691: result: yes
configure:2832: checking for a thread-safe mkdir -p
configure:2871: result: /bin/mkdir -p
configure:2884: checking for gawk
configure:2914: result: no
configure:2884: checking for mawk
configure:2900: found /usr/bin/mawk
configure:2911: result: mawk
configure:2922: checking whether make sets $(MAKE)
configure:2944: result: yes
configure:3027: checking whether to enable maintainer-specific portions of Makefiles
configure:3036: result: no
configure:3062: checking for style of include used by make
configure:3090: result: GNU
configure:3160: checking for gcc
configure:3176: found /usr/bin/gcc
configure:3187: result: gcc
configure:3416: checking for C compiler version
configure:3425: gcc --version >&5
gcc (Ubuntu 4.8.2-19ubuntu1) 4.8.2
Copyright (C) 2013 Free Software Foundation, Inc.
This is free software; see the source for copying conditions.  There is NO
warranty; not even for MERCHANTABILITY or FITNESS FOR A PARTICULAR PURPOSE.

configure:3436: $? = 0
configure:3425: gcc -v >&5
Using built-in specs.
COLLECT_GCC=gcc
COLLECT_LTO_WRAPPER=/usr/lib/gcc/x86_64-linux-gnu/4.8/lto-wrapper
Target: x86_64-linux-gnu
Configured with: ../src/configure -v --with-pkgversion='Ubuntu 4.8.2-19ubuntu1' --with-bugurl=file:///usr/share/doc/gcc-4.8/README.Bugs --enable-languages=c,c++,java,go,d,fortran,objc,obj-c++ --prefix=/usr --program-suffix=-4.8 --enable-shared --enable-linker-build-id --libexecdir=/usr/lib --without-included-gettext --enable-threads=posix --with-gxx-include-dir=/usr/include/c++/4.8 --libdir=/usr/lib --enable-nls --with-sysroot=/ --enable-clocale=gnu --enable-libstdcxx-debug --enable-libstdcxx-time=yes --enable-gnu-unique-object --disable-libmudflap --enable-plugin --with-system-zlib --disable-browser-plugin --enable-java-awt=gtk --enable-gtk-cairo --with-java-home=/usr/lib/jvm/java-1.5.0-gcj-4.8-amd64/jre --enable-java-home --with-jvm-root-dir=/usr/lib/jvm/java-1.5.0-gcj-4.8-amd64 --with-jvm-jar-dir=/usr/lib/jvm-exports/java-1.5.0-gcj-4.8-amd64 --with-arch-directory=amd64 --with-ecj-jar=/usr/share/java/eclipse-ecj.jar --enable-objc-gc --enable-multiarch --disable-werror --with-arch-32=i686 --with-abi=m64 --with-multilib-list=m32,m64,mx32 --with-tune=generic --enable-checking=release --build=x86_64-linux-gnu --host=x86_64-linux-gnu --target=x86_64-linux-gnu
Thread model: posix
gcc version 4.8.2 (Ubuntu 4.8.2-19ubuntu1) 
configure:3436: $? = 0
configure:3425: gcc -V >&5
gcc: error: unrecognized command line option '-V'
gcc: fatal error: no input files
compilation terminated.
configure:3436: $? = 4
configure:3425: gcc -qversion >&5
gcc: error: unrecognized command line option '-qversion'
gcc: fatal error: no input files
compilation terminated.
configure:3436: $? = 4
configure:3456: checking whether the C compiler works
configure:3478: gcc    conftest.c  >&5
configure:3482: $? = 0
configure:3530: result: yes
configure:3533: checking for C compiler default output file name
configure:3535: result: a.out
configure:3541: checking for suffix of executables
configure:3548: gcc -o conftest    conftest.c  >&5
configure:3552: $? = 0
configure:3574: result: 
configure:3596: checking whether we are cross compiling
configure:3604: gcc -o conftest    conftest.c  >&5
configure:3608: $? = 0
configure:3615: ./conftest
configure:3619: $? = 0
configure:3634: result: no
configure:3639: checking for suffix of object files
configure:3661: gcc -c   conftest.c >&5
configure:3665: $? = 0
configure:3686: result: o
configure:3690: checking whether we are using the GNU C compiler
configure:3709: gcc -c   conftest.c >&5
configure:3709: $? = 0
configure:3718: result: yes
configure:3727: checking whether gcc accepts -g
configure:3747: gcc -c -g  conftest.c >&5
configure:3747: $? = 0
configure:3788: result: yes
configure:3805: checking for gcc option to accept ISO C89
configure:3869: gcc  -c -g -O2  conftest.c >&5
configure:3869: $? = 0
configure:3882: result: none needed
configure:3904: checking dependency style of gcc
configure:4014: result: gcc3
configure:4030: checking for library containing strerror
configure:4061: gcc -o conftest -g -O2   conftest.c  >&5
configure:4061: $? = 0
configure:4078: result: none required
configure:4144: checking for g++
configure:4160: found /usr/bin/g++
configure:4171: result: g++
configure:4198: checking for C++ compiler version
configure:4207: g++ --version >&5
g++ (Ubuntu 4.8.2-19ubuntu1) 4.8.2
Copyright (C) 2013 Free Software Foundation, Inc.
This is free software; see the source for copying conditions.  There is NO
warranty; not even for MERCHANTABILITY or FITNESS FOR A PARTICULAR PURPOSE.

configure:4218: $? = 0
configure:4207: g++ -v >&5
Using built-in specs.
COLLECT_GCC=g++
COLLECT_LTO_WRAPPER=/usr/lib/gcc/x86_64-linux-gnu/4.8/lto-wrapper
Target: x86_64-linux-gnu
Configured with: ../src/configure -v --with-pkgversion='Ubuntu 4.8.2-19ubuntu1' --with-bugurl=file:///usr/share/doc/gcc-4.8/README.Bugs --enable-languages=c,c++,java,go,d,fortran,objc,obj-c++ --prefix=/usr --program-suffix=-4.8 --enable-shared --enable-linker-build-id --libexecdir=/usr/lib --without-included-gettext --enable-threads=posix --with-gxx-include-dir=/usr/include/c++/4.8 --libdir=/usr/lib --enable-nls --with-sysroot=/ --enable-clocale=gnu --enable-libstdcxx-debug --enable-libstdcxx-time=yes --enable-gnu-unique-object --disable-libmudflap --enable-plugin --with-system-zlib --disable-browser-plugin --enable-java-awt=gtk --enable-gtk-cairo --with-java-home=/usr/lib/jvm/java-1.5.0-gcj-4.8-amd64/jre --enable-java-home --with-jvm-root-dir=/usr/lib/jvm/java-1.5.0-gcj-4.8-amd64 --with-jvm-jar-dir=/usr/lib/jvm-exports/java-1.5.0-gcj-4.8-amd64 --with-arch-directory=amd64 --with-ecj-jar=/usr/share/java/eclipse-ecj.jar --enable-objc-gc --enable-multiarch --disable-werror --with-arch-32=i686 --with-abi=m64 --with-multilib-list=m32,m64,mx32 --with-tune=generic --enable-checking=release --build=x86_64-linux-gnu --host=x86_64-linux-gnu --target=x86_64-linux-gnu
Thread model: posix
gcc version 4.8.2 (Ubuntu 4.8.2-19ubuntu1) 
configure:4218: $? = 0
configure:4207: g++ -V >&5
g++: error: unrecognized command line option '-V'
g++: fatal error: no input files
compilation terminated.
configure:4218: $? = 4
configure:4207: g++ -qversion >&5
g++: error: unrecognized command line option '-qversion'
g++: fatal error: no input files
compilation terminated.
configure:4218: $? = 4
configure:4222: checking whether we are using the GNU C++ compiler
configure:4241: g++ -c   conftest.cpp >&5
configure:4241: $? = 0
configure:4250: result: yes
configure:4259: checking whether g++ accepts -g
configure:4279: g++ -c -g  conftest.cpp >&5
configure:4279: $? = 0
configure:4320: result: yes
configure:4345: checking dependency style of g++
configure:4455: result: gcc3
configure:4518: checking for gcc
configure:4545: result: gcc
configure:4774: checking for C compiler version
configure:4783: gcc --version >&5
gcc (Ubuntu 4.8.2-19ubuntu1) 4.8.2
Copyright (C) 2013 Free Software Foundation, Inc.
This is free software; see the source for copying conditions.  There is NO
warranty; not even for MERCHANTABILITY or FITNESS FOR A PARTICULAR PURPOSE.

configure:4794: $? = 0
configure:4783: gcc -v >&5
Using built-in specs.
COLLECT_GCC=gcc
COLLECT_LTO_WRAPPER=/usr/lib/gcc/x86_64-linux-gnu/4.8/lto-wrapper
Target: x86_64-linux-gnu
Configured with: ../src/configure -v --with-pkgversion='Ubuntu 4.8.2-19ubuntu1' --with-bugurl=file:///usr/share/doc/gcc-4.8/README.Bugs --enable-languages=c,c++,java,go,d,fortran,objc,obj-c++ --prefix=/usr --program-suffix=-4.8 --enable-shared --enable-linker-build-id --libexecdir=/usr/lib --without-included-gettext --enable-threads=posix --with-gxx-include-dir=/usr/include/c++/4.8 --libdir=/usr/lib --enable-nls --with-sysroot=/ --enable-clocale=gnu --enable-libstdcxx-debug --enable-libstdcxx-time=yes --enable-gnu-unique-object --disable-libmudflap --enable-plugin --with-system-zlib --disable-browser-plugin --enable-java-awt=gtk --enable-gtk-cairo --with-java-home=/usr/lib/jvm/java-1.5.0-gcj-4.8-amd64/jre --enable-java-home --with-jvm-root-dir=/usr/lib/jvm/java-1.5.0-gcj-4.8-amd64 --with-jvm-jar-dir=/usr/lib/jvm-exports/java-1.5.0-gcj-4.8-amd64 --with-arch-directory=amd64 --with-ecj-jar=/usr/share/java/eclipse-ecj.jar --enable-objc-gc --enable-multiarch --disable-werror --with-arch-32=i686 --with-abi=m64 --with-multilib-list=m32,m64,mx32 --with-tune=generic --enable-checking=release --build=x86_64-linux-gnu --host=x86_64-linux-gnu --target=x86_64-linux-gnu
Thread model: posix
gcc version 4.8.2 (Ubuntu 4.8.2-19ubuntu1) 
configure:4794: $? = 0
configure:4783: gcc -V >&5
gcc: error: unrecognized command line option '-V'
gcc: fatal error: no input files
compilation terminated.
configure:4794: $? = 4
configure:4783: gcc -qversion >&5
gcc: error: unrecognized command line option '-qversion'
gcc: fatal error: no input files
compilation terminated.
configure:4794: $? = 4
configure:4798: checking whether we are using the GNU C compiler
configure:4826: result: yes
configure:4835: checking whether gcc accepts -g
configure:4896: result: yes
configure:4913: checking for gcc option to accept ISO C89
configure:4990: result: none needed
configure:5012: checking dependency style of gcc
configure:5122: result: gcc3
configure:5145: checking how to run the C preprocessor
configure:5176: gcc -E  conftest.c
configure:5176: $? = 0
configure:5190: gcc -E  conftest.c
conftest.c:11:28: fatal error: ac_nonexistent.h: No such file or directory
 #include <ac_nonexistent.h>
                            ^
compilation terminated.
configure:5190: $? = 1
configure: failed program was:
| /* confdefs.h */
| #define PACKAGE_NAME "bjavaloader-gui"
| #define PACKAGE_TARNAME "bjavaloader-gui"
| #define PACKAGE_VERSION "1.0"
| #define PACKAGE_STRING "bjavaloader-gui 1.0"
| #define PACKAGE_BUGREPORT ""
| #define PACKAGE_URL ""
| #define PACKAGE "bjavaloader-gui"
| #define VERSION "1.0"
| /* end confdefs.h.  */
| #include <ac_nonexistent.h>
configure:5215: result: gcc -E
configure:5235: gcc -E  conftest.c
configure:5235: $? = 0
configure:5249: gcc -E  conftest.c
conftest.c:11:28: fatal error: ac_nonexistent.h: No such file or directory
 #include <ac_nonexistent.h>
                            ^
compilation terminated.
configure:5249: $? = 1
configure: failed program was:
| /* confdefs.h */
| #define PACKAGE_NAME "bjavaloader-gui"
| #define PACKAGE_TARNAME "bjavaloader-gui"
| #define PACKAGE_VERSION "1.0"
| #define PACKAGE_STRING "bjavaloader-gui 1.0"
| #define PACKAGE_BUGREPORT ""
| #define PACKAGE_URL ""
| #define PACKAGE "bjavaloader-gui"
| #define VERSION "1.0"
| /* end confdefs.h.  */
| #include <ac_nonexistent.h>
configure:5278: checking for grep that handles long lines and -e
configure:5336: result: /bin/grep
configure:5341: checking for egrep
configure:5403: result: /bin/grep -E
configure:5408: checking for ANSI C header files
configure:5428: gcc -c -g -O2  conftest.c >&5
configure:5428: $? = 0
configure:5501: gcc -o conftest -g -O2   conftest.c  >&5
configure:5501: $? = 0
configure:5501: ./conftest
configure:5501: $? = 0
configure:5512: result: yes
configure:5536: checking for sys/types.h
configure:5536: gcc -c -g -O2  conftest.c >&5
configure:5536: $? = 0
configure:5536: result: yes
configure:5536: checking for sys/stat.h
configure:5536: gcc -c -g -O2  conftest.c >&5
configure:5536: $? = 0
configure:5536: result: yes
configure:5536: checking for stdlib.h
configure:5536: gcc -c -g -O2  conftest.c >&5
configure:5536: $? = 0
configure:5536: result: yes
configure:5536: checking for string.h
configure:5536: gcc -c -g -O2  conftest.c >&5
configure:5536: $? = 0
configure:5536: result: yes
configure:5536: checking for memory.h
configure:5536: gcc -c -g -O2  conftest.c >&5
configure:5536: $? = 0
configure:5536: result: yes
configure:5536: checking for strings.h
configure:5536: gcc -c -g -O2  conftest.c >&5
configure:5536: $? = 0
configure:5536: result: yes
configure:5536: checking for inttypes.h
configure:5536: gcc -c -g -O2  conftest.c >&5
configure:5536: $? = 0
configure:5536: result: yes
configure:5536: checking for stdint.h
configure:5536: gcc -c -g -O2  conftest.c >&5
configure:5536: $? = 0
configure:5536: result: yes
configure:5536: checking for unistd.h
configure:5536: gcc -c -g -O2  conftest.c >&5
configure:5536: $? = 0
configure:5536: result: yes
configure:5551: checking locale.h usability
configure:5551: gcc -c -g -O2  conftest.c >&5
configure:5551: $? = 0
configure:5551: result: yes
configure:5551: checking locale.h presence
configure:5551: gcc -E  conftest.c
configure:5551: $? = 0
configure:5551: result: yes
configure:5551: checking for locale.h
configure:5551: result: yes
configure:5562: checking for LC_MESSAGES
configure:5578: gcc -o conftest -g -O2   conftest.c  >&5
configure:5578: $? = 0
configure:5586: result: yes
configure:5603: checking libintl.h usability
configure:5603: gcc -c -g -O2  conftest.c >&5
configure:5603: $? = 0
configure:5603: result: yes
configure:5603: checking libintl.h presence
configure:5603: gcc -E  conftest.c
configure:5603: $? = 0
configure:5603: result: yes
configure:5603: checking for libintl.h
configure:5603: result: yes
configure:5611: checking for ngettext in libc
configure:5629: gcc -o conftest -g -O2   conftest.c  >&5
configure:5629: $? = 0
configure:5638: result: yes
configure:5642: checking for dgettext in libc
configure:5660: gcc -o conftest -g -O2   conftest.c  >&5
configure:5660: $? = 0
configure:5669: result: yes
configure:5676: checking for bind_textdomain_codeset
configure:5676: gcc -o conftest -g -O2   conftest.c  >&5
configure:5676: $? = 0
configure:5676: result: yes
configure:5952: checking for msgfmt
configure:5979: result: /usr/bin/msgfmt
configure:5990: checking for dcgettext
configure:5990: gcc -o conftest -g -O2   conftest.c   >&5
conftest.c:49:6: warning: conflicting types for built-in function 'dcgettext' [enabled by default]
 char dcgettext ();
      ^
configure:5990: $? = 0
configure:5990: result: yes
configure:6000: checking if msgfmt accepts -c
configure:6015: $MSGFMT -c -o /dev/null conftest.foo
conftest.foo:3: warning: header field 'Language' missing in header
configure:6018: $? = 0
configure:6020: result: yes
configure:6030: checking for gmsgfmt
configure:6061: result: /usr/bin/msgfmt
configure:6071: checking for xgettext
configure:6098: result: /usr/bin/xgettext
configure:6117: gcc -o conftest -g -O2   conftest.c   >&5
configure:6117: $? = 0
configure:6253: checking whether NLS is requested
configure:6262: result: yes
configure:6277: checking for intltool >= 0.35.0
configure:6284: result:  found
configure:6287: error: Your intltool is too old.  You need intltool 0.35.0 or later.

## ---------------- ##
## Cache variables. ##
## ---------------- ##

ac_cv_c_compiler_gnu=yes
ac_cv_cxx_compiler_gnu=yes
ac_cv_env_BJAVALOADER_GUI_CFLAGS_set=
ac_cv_env_BJAVALOADER_GUI_CFLAGS_value=
ac_cv_env_BJAVALOADER_GUI_LIBS_set=
ac_cv_env_BJAVALOADER_GUI_LIBS_value=
ac_cv_env_CCC_set=
ac_cv_env_CCC_value=
ac_cv_env_CC_set=
ac_cv_env_CC_value=
ac_cv_env_CFLAGS_set=
ac_cv_env_CFLAGS_value=
ac_cv_env_CPPFLAGS_set=
ac_cv_env_CPPFLAGS_value=
ac_cv_env_CPP_set=
ac_cv_env_CPP_value=
ac_cv_env_CXXCPP_set=
ac_cv_env_CXXCPP_value=
ac_cv_env_CXXFLAGS_set=
ac_cv_env_CXXFLAGS_value=
ac_cv_env_CXX_set=
ac_cv_env_CXX_value=
ac_cv_env_LDFLAGS_set=
ac_cv_env_LDFLAGS_value=
ac_cv_env_LIBS_set=
ac_cv_env_LIBS_value=
ac_cv_env_PKG_CONFIG_LIBDIR_set=
ac_cv_env_PKG_CONFIG_LIBDIR_value=
ac_cv_env_PKG_CONFIG_PATH_set=
ac_cv_env_PKG_CONFIG_PATH_value=
ac_cv_env_PKG_CONFIG_set=
ac_cv_env_PKG_CONFIG_value=
ac_cv_env_build_alias_set=
ac_cv_env_build_alias_value=
ac_cv_env_host_alias_set=
ac_cv_env_host_alias_value=
ac_cv_env_target_alias_set=
ac_cv_env_target_alias_value=
ac_cv_func_bind_textdomain_codeset=yes
ac_cv_func_dcgettext=yes
ac_cv_header_inttypes_h=yes
ac_cv_header_libintl_h=yes
ac_cv_header_locale_h=yes
ac_cv_header_memory_h=yes
ac_cv_header_stdc=yes
ac_cv_header_stdint_h=yes
ac_cv_header_stdlib_h=yes
ac_cv_header_string_h=yes
ac_cv_header_strings_h=yes
ac_cv_header_sys_stat_h=yes
ac_cv_header_sys_types_h=yes
ac_cv_header_unistd_h=yes
ac_cv_objext=o
ac_cv_path_EGREP='/bin/grep -E'
ac_cv_path_GMSGFMT=/usr/bin/msgfmt
ac_cv_path_GREP=/bin/grep
ac_cv_path_MSGFMT=/usr/bin/msgfmt
ac_cv_path_XGETTEXT=/usr/bin/xgettext
ac_cv_path_install='/usr/bin/install -c'
ac_cv_path_mkdir=/bin/mkdir
ac_cv_prog_AWK=mawk
ac_cv_prog_CPP='gcc -E'
ac_cv_prog_ac_ct_CC=gcc
ac_cv_prog_ac_ct_CXX=g++
ac_cv_prog_cc_c89=
ac_cv_prog_cc_g=yes
ac_cv_prog_cxx_g=yes
ac_cv_prog_make_make_set=yes
ac_cv_search_strerror='none required'
am_cv_CC_dependencies_compiler_type=gcc3
am_cv_CXX_dependencies_compiler_type=gcc3
am_cv_prog_cc_stdc=
am_cv_val_LC_MESSAGES=yes
gt_cv_func_dgettext_libc=yes
gt_cv_func_dgettext_libintl=no
gt_cv_func_ngettext_libc=yes
gt_cv_have_gettext=yes

## ----------------- ##
## Output variables. ##
## ----------------- ##

ACLOCAL='${SHELL} /home/taylorkspencer/Personal_Coding_Projects/bjavaloader-gui/missing --run aclocal-1.11'
ALL_LINGUAS=''
AMDEPBACKSLASH='\'
AMDEP_FALSE='#'
AMDEP_TRUE=''
AMTAR='${SHELL} /home/taylorkspencer/Personal_Coding_Projects/bjavaloader-gui/missing --run tar'
AM_BACKSLASH='\'
AM_DEFAULT_VERBOSITY='0'
AR=''
AUTOCONF='${SHELL} /home/taylorkspencer/Personal_Coding_Projects/bjavaloader-gui/missing --run autoconf'
AUTOHEADER='${SHELL} /home/taylorkspencer/Personal_Coding_Projects/bjavaloader-gui/missing --run autoheader'
AUTOMAKE='${SHELL} /home/taylorkspencer/Personal_Coding_Projects/bjavaloader-gui/missing --run automake-1.11'
AWK='mawk'
BJAVALOADER_GUI_CFLAGS=''
BJAVALOADER_GUI_LIBS=''
CATALOGS=''
CATOBJEXT='.gmo'
CC='gcc'
CCDEPMODE='depmode=gcc3'
CFLAGS='-g -O2'
CPP='gcc -E'
CPPFLAGS=''
CXX='g++'
CXXCPP=''
CXXDEPMODE='depmode=gcc3'
CXXFLAGS='-g -O2'
CYGPATH_W='echo'
DATADIRNAME='share'
DEFS=''
DEPDIR='.deps'
DSYMUTIL=''
DUMPBIN=''
ECHO_C=''
ECHO_N='-n'
ECHO_T=''
EGREP='/bin/grep -E'
EXEEXT=''
FGREP=''
GETTEXT_PACKAGE='bjavaloader-gui'
GMOFILES=''
GMSGFMT='/usr/bin/msgfmt'
GREP='/bin/grep'
INSTALL_DATA='${INSTALL} -m 644'
INSTALL_PROGRAM='${INSTALL}'
INSTALL_SCRIPT='${INSTALL}'
INSTALL_STRIP_PROGRAM='$(install_sh) -c -s'
INSTOBJEXT='.mo'
INTLLIBS=''
INTLTOOL_CAVES_RULE=''
INTLTOOL_DESKTOP_RULE=''
INTLTOOL_DIRECTORY_RULE=''
INTLTOOL_EXTRACT=''
INTLTOOL_KBD_RULE=''
INTLTOOL_KEYS_RULE=''
INTLTOOL_MERGE=''
INTLTOOL_OAF_RULE=''
INTLTOOL_PERL=''
INTLTOOL_POLICY_RULE=''
INTLTOOL_PONG_RULE=''
INTLTOOL_PROP_RULE=''
INTLTOOL_SCHEMAS_RULE=''
INTLTOOL_SERVER_RULE=''
INTLTOOL_SERVICE_RULE=''
INTLTOOL_SHEET_RULE=''
INTLTOOL_SOUNDLIST_RULE=''
INTLTOOL_THEME_RULE=''
INTLTOOL_UI_RULE=''
INTLTOOL_UPDATE=''
INTLTOOL_XAM_RULE=''
INTLTOOL_XML_NOMERGE_RULE=''
INTLTOOL_XML_RULE=''
LD=''
LDFLAGS=''
LIBOBJS=''
LIBS=''
LIBTOOL=''
LIPO=''
LN_S=''
LTLIBOBJS=''
MAINT='#'
MAINTAINER_MODE_FALSE=''
MAINTAINER_MODE_TRUE='#'
MAKEINFO='${SHELL} /home/taylorkspencer/Personal_Coding_Projects/bjavaloader-gui/missing --run makeinfo'
MKDIR_P='/bin/mkdir -p'
MKINSTALLDIRS='./mkinstalldirs'
MSGFMT='/usr/bin/msgfmt'
MSGFMT_OPTS='-c'
MSGMERGE=''
NM=''
NMEDIT=''
OBJDUMP=''
OBJEXT='o'
OTOOL64=''
OTOOL=''
PACKAGE='bjavaloader-gui'
PACKAGE_BUGREPORT=''
PACKAGE_NAME='bjavaloader-gui'
PACKAGE_STRING='bjavaloader-gui 1.0'
PACKAGE_TARNAME='bjavaloader-gui'
PACKAGE_URL=''
PACKAGE_VERSION='1.0'
PATH_SEPARATOR=':'
PKG_CONFIG=''
PKG_CONFIG_LIBDIR=''
PKG_CONFIG_PATH=''
POFILES=''
POSUB='po'
PO_IN_DATADIR_FALSE=''
PO_IN_DATADIR_TRUE=''
RANLIB=''
SED=''
SET_MAKE=''
SHELL='/bin/bash'
STRIP=''
USE_NLS='yes'
VERSION='1.0'
XGETTEXT='/usr/bin/xgettext'
ac_ct_CC='gcc'
ac_ct_CXX='g++'
ac_ct_DUMPBIN=''
am__EXEEXT_FALSE=''
am__EXEEXT_TRUE=''
am__fastdepCC_FALSE='#'
am__fastdepCC_TRUE=''
am__fastdepCXX_FALSE='#'
am__fastdepCXX_TRUE=''
am__include='include'
am__isrc=''
am__leading_dot='.'
am__quote=''
am__tar='${AMTAR} chof - "$$tardir"'
am__untar='${AMTAR} xf -'
bindir='${exec_prefix}/bin'
build=''
build_alias=''
build_cpu=''
build_os=''
build_vendor=''
datadir='${datarootdir}'
datarootdir='${prefix}/share'
docdir='${datarootdir}/doc/${PACKAGE_TARNAME}'
dvidir='${docdir}'
exec_prefix='NONE'
host=''
host_alias=''
host_cpu=''
host_os=''
host_vendor=''
htmldir='${docdir}'
includedir='${prefix}/include'
infodir='${datarootdir}/info'
install_sh='${SHELL} /home/taylorkspencer/Personal_Coding_Projects/bjavaloader-gui/install-sh'
libdir='${exec_prefix}/lib'
libexecdir='${exec_prefix}/libexec'
localedir='${datarootdir}/locale'
localstatedir='${prefix}/var'
lt_ECHO='echo'
mandir='${datarootdir}/man'
mkdir_p='/bin/mkdir -p'
oldincludedir='/usr/include'
pdfdir='${docdir}'
prefix='NONE'
program_transform_name='s,x,x,'
psdir='${docdir}'
sbindir='${exec_prefix}/sbin'
sharedstatedir='${prefix}/com'
sysconfdir='${prefix}/etc'
target_alias=''

## ----------- ##
## confdefs.h. ##
## ----------- ##

/* confdefs.h */
#define PACKAGE_NAME "bjavaloader-gui"
#define PACKAGE_TARNAME "bjavaloader-gui"
#define PACKAGE_VERSION "1.0"
#define PACKAGE_STRING "bjavaloader-gui 1.0"
#define PACKAGE_BUGREPORT ""
#define PACKAGE_URL ""
#define PACKAGE "bjavaloader-gui"
#define VERSION "1.0"
#define STDC_HEADERS 1
#define GETTEXT_PACKAGE "bjavaloader-gui"
#define HAVE_SYS_TYPES_H 1
#define HAVE_SYS_STAT_H 1
#define HAVE_STDLIB_H 1
#define HAVE_STRING_H 1
#define HAVE_MEMORY_H 1
#define HAVE_STRINGS_H 1
#define HAVE_INTTYPES_H 1
#define HAVE_STDINT_H 1
#define HAVE_UNISTD_H 1
#define HAVE_LOCALE_H 1
#define HAVE_LC_MESSAGES 1
#define HAVE_BIND_TEXTDOMAIN_CODESET 1
#define HAVE_GETTEXT 1
#define HAVE_DCGETTEXT 1
#define ENABLE_NLS 1

configure: exit 1
