This file contains any messages produced by compilers while
running configure, to aid debugging if configure makes a mistake.

It was created by bjavaloader-gui configure 1.0, which was
generated by GNU Autoconf 2.67.  Invocation command line was

  $ /home/taylorkspencer/Personal_Coding_Projects/bjavaloader-gui/configure --enable-maintainer-mode CFLAGS=-O2 CXXFLAGS=-O2 JFLAGS=-O2 FFLAGS=-O2

## --------- ##
## Platform. ##
## --------- ##

hostname = Taylorlaptop
uname -m = x86_64
uname -r = 2.6.35-28-generic
uname -s = Linux
uname -v = #50-Ubuntu SMP Fri Mar 18 18:42:20 UTC 2011

/usr/bin/uname -p = unknown
/bin/uname -X     = unknown

/bin/arch              = unknown
/usr/bin/arch -k       = unknown
/usr/convex/getsysinfo = unknown
/usr/bin/hostinfo      = unknown
/bin/machine           = unknown
/usr/bin/oslevel       = unknown
/bin/universe          = unknown

PATH: /usr/local/sbin
PATH: /usr/local/bin
PATH: /usr/sbin
PATH: /usr/bin
PATH: /sbin
PATH: /bin
PATH: /usr/games


## ----------- ##
## Core tests. ##
## ----------- ##

configure:2562: checking for a BSD-compatible install
configure:2630: result: /usr/bin/install -c
configure:2641: checking whether build environment is sane
configure:2691: result: yes
configure:2832: checking for a thread-safe mkdir -p
configure:2871: result: /bin/mkdir -p
configure:2884: checking for gawk
configure:2914: result: no
configure:2884: checking for mawk
configure:2900: found /usr/bin/mawk
configure:2911: result: mawk
configure:2922: checking whether make sets $(MAKE)
configure:2944: result: yes
configure:3027: checking whether to enable maintainer-specific portions of Makefiles
configure:3036: result: yes
configure:3062: checking for style of include used by make
configure:3090: result: GNU
configure:3160: checking for gcc
configure:3176: found /usr/bin/gcc
configure:3187: result: gcc
configure:3416: checking for C compiler version
configure:3425: gcc --version >&5
gcc (Ubuntu/Linaro 4.4.4-14ubuntu5) 4.4.5
Copyright (C) 2010 Free Software Foundation, Inc.
This is free software; see the source for copying conditions.  There is NO
warranty; not even for MERCHANTABILITY or FITNESS FOR A PARTICULAR PURPOSE.

configure:3436: $? = 0
configure:3425: gcc -v >&5
Using built-in specs.
Target: x86_64-linux-gnu
Configured with: ../src/configure -v --with-pkgversion='Ubuntu/Linaro 4.4.4-14ubuntu5' --with-bugurl=file:///usr/share/doc/gcc-4.4/README.Bugs --enable-languages=c,c++,fortran,objc,obj-c++ --prefix=/usr --program-suffix=-4.4 --enable-shared --enable-multiarch --enable-linker-build-id --with-system-zlib --libexecdir=/usr/lib --without-included-gettext --enable-threads=posix --with-gxx-include-dir=/usr/include/c++/4.4 --libdir=/usr/lib --enable-nls --with-sysroot=/ --enable-clocale=gnu --enable-libstdcxx-debug --enable-objc-gc --disable-werror --with-arch-32=i686 --with-tune=generic --enable-checking=release --build=x86_64-linux-gnu --host=x86_64-linux-gnu --target=x86_64-linux-gnu
Thread model: posix
gcc version 4.4.5 (Ubuntu/Linaro 4.4.4-14ubuntu5) 
configure:3436: $? = 0
configure:3425: gcc -V >&5
gcc: '-V' option must have argument
configure:3436: $? = 1
configure:3425: gcc -qversion >&5
gcc: unrecognized option '-qversion'
gcc: no input files
configure:3436: $? = 1
configure:3456: checking whether the C compiler works
configure:3478: gcc -O2   conftest.c  >&5
configure:3482: $? = 0
configure:3530: result: yes
configure:3533: checking for C compiler default output file name
configure:3535: result: a.out
configure:3541: checking for suffix of executables
configure:3548: gcc -o conftest -O2   conftest.c  >&5
configure:3552: $? = 0
configure:3574: result: 
configure:3596: checking whether we are cross compiling
configure:3604: gcc -o conftest -O2   conftest.c  >&5
configure:3608: $? = 0
configure:3615: ./conftest
configure:3619: $? = 0
configure:3634: result: no
configure:3639: checking for suffix of object files
configure:3661: gcc -c -O2  conftest.c >&5
configure:3665: $? = 0
configure:3686: result: o
configure:3690: checking whether we are using the GNU C compiler
configure:3709: gcc -c -O2  conftest.c >&5
configure:3709: $? = 0
configure:3718: result: yes
configure:3727: checking whether gcc accepts -g
configure:3747: gcc -c -g  conftest.c >&5
configure:3747: $? = 0
configure:3788: result: yes
configure:3805: checking for gcc option to accept ISO C89
configure:3869: gcc  -c -O2  conftest.c >&5
configure:3869: $? = 0
configure:3882: result: none needed
configure:3904: checking dependency style of gcc
configure:4014: result: gcc3
configure:4030: checking for library containing strerror
configure:4061: gcc -o conftest -O2   conftest.c  >&5
configure:4061: $? = 0
configure:4078: result: none required
configure:4144: checking for g++
configure:4174: result: no
configure:4144: checking for c++
configure:4174: result: no
configure:4144: checking for gpp
configure:4174: result: no
configure:4144: checking for aCC
configure:4174: result: no
configure:4144: checking for CC
configure:4174: result: no
configure:4144: checking for cxx
configure:4174: result: no
configure:4144: checking for cc++
configure:4174: result: no
configure:4144: checking for cl.exe
configure:4174: result: no
configure:4144: checking for FCC
configure:4174: result: no
configure:4144: checking for KCC
configure:4174: result: no
configure:4144: checking for RCC
configure:4174: result: no
configure:4144: checking for xlC_r
configure:4174: result: no
configure:4144: checking for xlC
configure:4174: result: no
configure:4198: checking for C++ compiler version
configure:4207: g++ --version >&5
/home/taylorkspencer/Personal_Coding_Projects/bjavaloader-gui/configure: line 4209: g++: command not found
configure:4218: $? = 127
configure:4207: g++ -v >&5
/home/taylorkspencer/Personal_Coding_Projects/bjavaloader-gui/configure: line 4209: g++: command not found
configure:4218: $? = 127
configure:4207: g++ -V >&5
/home/taylorkspencer/Personal_Coding_Projects/bjavaloader-gui/configure: line 4209: g++: command not found
configure:4218: $? = 127
configure:4207: g++ -qversion >&5
/home/taylorkspencer/Personal_Coding_Projects/bjavaloader-gui/configure: line 4209: g++: command not found
configure:4218: $? = 127
configure:4222: checking whether we are using the GNU C++ compiler
configure:4241: g++ -c -O2  conftest.cpp >&5
/home/taylorkspencer/Personal_Coding_Projects/bjavaloader-gui/configure: line 1782: g++: command not found
configure:4241: $? = 127
configure: failed program was:
| /* confdefs.h */
| #define PACKAGE_NAME "bjavaloader-gui"
| #define PACKAGE_TARNAME "bjavaloader-gui"
| #define PACKAGE_VERSION "1.0"
| #define PACKAGE_STRING "bjavaloader-gui 1.0"
| #define PACKAGE_BUGREPORT ""
| #define PACKAGE_URL ""
| #define PACKAGE "bjavaloader-gui"
| #define VERSION "1.0"
| /* end confdefs.h.  */
| 
| int
| main ()
| {
| #ifndef __GNUC__
|        choke me
| #endif
| 
|   ;
|   return 0;
| }
configure:4250: result: no
configure:4259: checking whether g++ accepts -g
configure:4279: g++ -c -g  conftest.cpp >&5
/home/taylorkspencer/Personal_Coding_Projects/bjavaloader-gui/configure: line 1782: g++: command not found
configure:4279: $? = 127
configure: failed program was:
| /* confdefs.h */
| #define PACKAGE_NAME "bjavaloader-gui"
| #define PACKAGE_TARNAME "bjavaloader-gui"
| #define PACKAGE_VERSION "1.0"
| #define PACKAGE_STRING "bjavaloader-gui 1.0"
| #define PACKAGE_BUGREPORT ""
| #define PACKAGE_URL ""
| #define PACKAGE "bjavaloader-gui"
| #define VERSION "1.0"
| /* end confdefs.h.  */
| 
| int
| main ()
| {
| 
|   ;
|   return 0;
| }
configure:4294: g++ -c   conftest.cpp >&5
/home/taylorkspencer/Personal_Coding_Projects/bjavaloader-gui/configure: line 1782: g++: command not found
configure:4294: $? = 127
configure: failed program was:
| /* confdefs.h */
| #define PACKAGE_NAME "bjavaloader-gui"
| #define PACKAGE_TARNAME "bjavaloader-gui"
| #define PACKAGE_VERSION "1.0"
| #define PACKAGE_STRING "bjavaloader-gui 1.0"
| #define PACKAGE_BUGREPORT ""
| #define PACKAGE_URL ""
| #define PACKAGE "bjavaloader-gui"
| #define VERSION "1.0"
| /* end confdefs.h.  */
| 
| int
| main ()
| {
| 
|   ;
|   return 0;
| }
configure:4310: g++ -c -g  conftest.cpp >&5
/home/taylorkspencer/Personal_Coding_Projects/bjavaloader-gui/configure: line 1782: g++: command not found
configure:4310: $? = 127
configure: failed program was:
| /* confdefs.h */
| #define PACKAGE_NAME "bjavaloader-gui"
| #define PACKAGE_TARNAME "bjavaloader-gui"
| #define PACKAGE_VERSION "1.0"
| #define PACKAGE_STRING "bjavaloader-gui 1.0"
| #define PACKAGE_BUGREPORT ""
| #define PACKAGE_URL ""
| #define PACKAGE "bjavaloader-gui"
| #define VERSION "1.0"
| /* end confdefs.h.  */
| 
| int
| main ()
| {
| 
|   ;
|   return 0;
| }
configure:4320: result: no
configure:4345: checking dependency style of g++
configure:4455: result: none
configure:4518: checking for gcc
configure:4545: result: gcc
configure:4774: checking for C compiler version
configure:4783: gcc --version >&5
gcc (Ubuntu/Linaro 4.4.4-14ubuntu5) 4.4.5
Copyright (C) 2010 Free Software Foundation, Inc.
This is free software; see the source for copying conditions.  There is NO
warranty; not even for MERCHANTABILITY or FITNESS FOR A PARTICULAR PURPOSE.

configure:4794: $? = 0
configure:4783: gcc -v >&5
Using built-in specs.
Target: x86_64-linux-gnu
Configured with: ../src/configure -v --with-pkgversion='Ubuntu/Linaro 4.4.4-14ubuntu5' --with-bugurl=file:///usr/share/doc/gcc-4.4/README.Bugs --enable-languages=c,c++,fortran,objc,obj-c++ --prefix=/usr --program-suffix=-4.4 --enable-shared --enable-multiarch --enable-linker-build-id --with-system-zlib --libexecdir=/usr/lib --without-included-gettext --enable-threads=posix --with-gxx-include-dir=/usr/include/c++/4.4 --libdir=/usr/lib --enable-nls --with-sysroot=/ --enable-clocale=gnu --enable-libstdcxx-debug --enable-objc-gc --disable-werror --with-arch-32=i686 --with-tune=generic --enable-checking=release --build=x86_64-linux-gnu --host=x86_64-linux-gnu --target=x86_64-linux-gnu
Thread model: posix
gcc version 4.4.5 (Ubuntu/Linaro 4.4.4-14ubuntu5) 
configure:4794: $? = 0
configure:4783: gcc -V >&5
gcc: '-V' option must have argument
configure:4794: $? = 1
configure:4783: gcc -qversion >&5
gcc: unrecognized option '-qversion'
gcc: no input files
configure:4794: $? = 1
configure:4798: checking whether we are using the GNU C compiler
configure:4826: result: yes
configure:4835: checking whether gcc accepts -g
configure:4896: result: yes
configure:4913: checking for gcc option to accept ISO C89
configure:4990: result: none needed
configure:5012: checking dependency style of gcc
configure:5122: result: gcc3
configure:5145: checking how to run the C preprocessor
configure:5176: gcc -E  conftest.c
configure:5176: $? = 0
configure:5190: gcc -E  conftest.c
conftest.c:11: fatal error: ac_nonexistent.h: No such file or directory
compilation terminated.
configure:5190: $? = 1
configure: failed program was:
| /* confdefs.h */
| #define PACKAGE_NAME "bjavaloader-gui"
| #define PACKAGE_TARNAME "bjavaloader-gui"
| #define PACKAGE_VERSION "1.0"
| #define PACKAGE_STRING "bjavaloader-gui 1.0"
| #define PACKAGE_BUGREPORT ""
| #define PACKAGE_URL ""
| #define PACKAGE "bjavaloader-gui"
| #define VERSION "1.0"
| /* end confdefs.h.  */
| #include <ac_nonexistent.h>
configure:5215: result: gcc -E
configure:5235: gcc -E  conftest.c
configure:5235: $? = 0
configure:5249: gcc -E  conftest.c
conftest.c:11: fatal error: ac_nonexistent.h: No such file or directory
compilation terminated.
configure:5249: $? = 1
configure: failed program was:
| /* confdefs.h */
| #define PACKAGE_NAME "bjavaloader-gui"
| #define PACKAGE_TARNAME "bjavaloader-gui"
| #define PACKAGE_VERSION "1.0"
| #define PACKAGE_STRING "bjavaloader-gui 1.0"
| #define PACKAGE_BUGREPORT ""
| #define PACKAGE_URL ""
| #define PACKAGE "bjavaloader-gui"
| #define VERSION "1.0"
| /* end confdefs.h.  */
| #include <ac_nonexistent.h>
configure:5278: checking for grep that handles long lines and -e
configure:5336: result: /bin/grep
configure:5341: checking for egrep
configure:5403: result: /bin/grep -E
configure:5408: checking for ANSI C header files
configure:5428: gcc -c -O2  conftest.c >&5
configure:5428: $? = 0
configure:5501: gcc -o conftest -O2   conftest.c  >&5
configure:5501: $? = 0
configure:5501: ./conftest
configure:5501: $? = 0
configure:5512: result: yes
configure:5536: checking for sys/types.h
configure:5536: gcc -c -O2  conftest.c >&5
configure:5536: $? = 0
configure:5536: result: yes
configure:5536: checking for sys/stat.h
configure:5536: gcc -c -O2  conftest.c >&5
configure:5536: $? = 0
configure:5536: result: yes
configure:5536: checking for stdlib.h
configure:5536: gcc -c -O2  conftest.c >&5
configure:5536: $? = 0
configure:5536: result: yes
configure:5536: checking for string.h
configure:5536: gcc -c -O2  conftest.c >&5
configure:5536: $? = 0
configure:5536: result: yes
configure:5536: checking for memory.h
configure:5536: gcc -c -O2  conftest.c >&5
configure:5536: $? = 0
configure:5536: result: yes
configure:5536: checking for strings.h
configure:5536: gcc -c -O2  conftest.c >&5
configure:5536: $? = 0
configure:5536: result: yes
configure:5536: checking for inttypes.h
configure:5536: gcc -c -O2  conftest.c >&5
configure:5536: $? = 0
configure:5536: result: yes
configure:5536: checking for stdint.h
configure:5536: gcc -c -O2  conftest.c >&5
configure:5536: $? = 0
configure:5536: result: yes
configure:5536: checking for unistd.h
configure:5536: gcc -c -O2  conftest.c >&5
configure:5536: $? = 0
configure:5536: result: yes
configure:5551: checking locale.h usability
configure:5551: gcc -c -O2  conftest.c >&5
configure:5551: $? = 0
configure:5551: result: yes
configure:5551: checking locale.h presence
configure:5551: gcc -E  conftest.c
configure:5551: $? = 0
configure:5551: result: yes
configure:5551: checking for locale.h
configure:5551: result: yes
configure:5562: checking for LC_MESSAGES
configure:5578: gcc -o conftest -O2   conftest.c  >&5
configure:5578: $? = 0
configure:5586: result: yes
configure:5603: checking libintl.h usability
configure:5603: gcc -c -O2  conftest.c >&5
configure:5603: $? = 0
configure:5603: result: yes
configure:5603: checking libintl.h presence
configure:5603: gcc -E  conftest.c
configure:5603: $? = 0
configure:5603: result: yes
configure:5603: checking for libintl.h
configure:5603: result: yes
configure:5611: checking for ngettext in libc
configure:5629: gcc -o conftest -O2   conftest.c  >&5
configure:5629: $? = 0
configure:5638: result: yes
configure:5642: checking for dgettext in libc
configure:5660: gcc -o conftest -O2   conftest.c  >&5
configure:5660: $? = 0
configure:5669: result: yes
configure:5676: checking for bind_textdomain_codeset
configure:5676: gcc -o conftest -O2   conftest.c  >&5
configure:5676: $? = 0
configure:5676: result: yes
configure:5952: checking for msgfmt
configure:5979: result: /usr/bin/msgfmt
configure:5990: checking for dcgettext
configure:5990: gcc -o conftest -O2   conftest.c   >&5
conftest.c:49: warning: conflicting types for built-in function 'dcgettext'
configure:5990: $? = 0
configure:5990: result: yes
configure:6000: checking if msgfmt accepts -c
configure:6015: $MSGFMT -c -o /dev/null conftest.foo
configure:6018: $? = 0
configure:6020: result: yes
configure:6030: checking for gmsgfmt
configure:6061: result: /usr/bin/msgfmt
configure:6071: checking for xgettext
configure:6098: result: /usr/bin/xgettext
configure:6117: gcc -o conftest -O2   conftest.c   >&5
configure:6117: $? = 0
configure:6253: checking whether NLS is requested
configure:6262: result: yes
configure:6277: checking for intltool >= 0.35.0
configure:6284: result: 0.41.1 found
configure:6292: checking for intltool-update
configure:6310: found /usr/bin/intltool-update
configure:6322: result: /usr/bin/intltool-update
configure:6332: checking for intltool-merge
configure:6350: found /usr/bin/intltool-merge
configure:6362: result: /usr/bin/intltool-merge
configure:6372: checking for intltool-extract
configure:6390: found /usr/bin/intltool-extract
configure:6402: result: /usr/bin/intltool-extract
configure:6533: checking for xgettext
configure:6563: result: /usr/bin/xgettext
configure:6573: checking for msgmerge
configure:6591: found /usr/bin/msgmerge
configure:6603: result: /usr/bin/msgmerge
configure:6613: checking for msgfmt
configure:6643: result: /usr/bin/msgfmt
configure:6653: checking for gmsgfmt
configure:6684: result: /usr/bin/msgfmt
configure:6704: checking for perl
configure:6722: found /usr/bin/perl
configure:6734: result: /usr/bin/perl
configure:6745: checking for perl >= 5.8.1
configure:6752: result: 5.10.1
configure:6756: checking for XML::Parser
configure:6759: result: ok
configure:6842: checking build system type
configure:6856: result: x86_64-unknown-linux-gnu
configure:6876: checking host system type
configure:6889: result: x86_64-unknown-linux-gnu
configure:6909: checking for a sed that does not truncate output
configure:6973: result: /bin/sed
configure:6991: checking for fgrep
configure:7053: result: /bin/grep -F
configure:7088: checking for ld used by gcc
configure:7155: result: /usr/bin/ld
configure:7162: checking if the linker (/usr/bin/ld) is GNU ld
configure:7177: result: yes
configure:7189: checking for BSD- or MS-compatible name lister (nm)
configure:7238: result: /usr/bin/nm -B
configure:7356: checking the name lister (/usr/bin/nm -B) interface
configure:7363: gcc -c -O2  conftest.c >&5
configure:7366: /usr/bin/nm -B "conftest.o"
configure:7369: output
0000000000000000 B some_variable
configure:7376: result: BSD nm
configure:7379: checking whether ln -s works
configure:7383: result: yes
configure:7391: checking the maximum length of command line arguments
configure:7511: result: 1572864
configure:7528: checking whether the shell understands some XSI constructs
configure:7538: result: yes
configure:7542: checking whether the shell understands "+="
configure:7548: result: yes
configure:7583: checking for /usr/bin/ld option to reload object files
configure:7590: result: -r
configure:7659: checking for objdump
configure:7675: found /usr/bin/objdump
configure:7686: result: objdump
configure:7718: checking how to recognize dependent libraries
configure:7914: result: pass_all
configure:7974: checking for ar
configure:7990: found /usr/bin/ar
configure:8001: result: ar
configure:8079: checking for strip
configure:8095: found /usr/bin/strip
configure:8106: result: strip
configure:8178: checking for ranlib
configure:8194: found /usr/bin/ranlib
configure:8205: result: ranlib
configure:8295: checking command to parse /usr/bin/nm -B output from gcc object
configure:8413: gcc -c -O2  conftest.c >&5
configure:8416: $? = 0
configure:8420: /usr/bin/nm -B conftest.o \| sed -n -e 's/^.*[	 ]\([ABCDGIRSTW][ABCDGIRSTW]*\)[	 ][	 ]*\([_A-Za-z][_A-Za-z0-9]*\)$/\1 \2 \2/p' \> conftest.nm
configure:8423: $? = 0
configure:8477: gcc -o conftest -O2   conftest.c conftstm.o >&5
configure:8480: $? = 0
configure:8518: result: ok
configure:8613: gcc -c -O2  conftest.c >&5
configure:8616: $? = 0
configure:9323: checking for dlfcn.h
configure:9323: gcc -c -O2  conftest.c >&5
configure:9323: $? = 0
configure:9323: result: yes
configure:9448: checking for C++ compiler version
configure:9457: g++ --version >&5
/home/taylorkspencer/Personal_Coding_Projects/bjavaloader-gui/configure: line 9459: g++: command not found
configure:9468: $? = 127
configure:9457: g++ -v >&5
/home/taylorkspencer/Personal_Coding_Projects/bjavaloader-gui/configure: line 9459: g++: command not found
configure:9468: $? = 127
configure:9457: g++ -V >&5
/home/taylorkspencer/Personal_Coding_Projects/bjavaloader-gui/configure: line 9459: g++: command not found
configure:9468: $? = 127
configure:9457: g++ -qversion >&5
/home/taylorkspencer/Personal_Coding_Projects/bjavaloader-gui/configure: line 9459: g++: command not found
configure:9468: $? = 127
configure:9472: checking whether we are using the GNU C++ compiler
configure:9500: result: no
configure:9509: checking whether g++ accepts -g
configure:9570: result: no
configure:9595: checking dependency style of g++
configure:9705: result: none
configure:10034: checking for objdir
configure:10049: result: .libs
configure:10341: checking if gcc supports -fno-rtti -fno-exceptions
configure:10359: gcc -c -O2  -fno-rtti -fno-exceptions conftest.c >&5
cc1: warning: command line option "-fno-rtti" is valid for C++/ObjC++ but not for C
configure:10363: $? = 0
configure:10376: result: no
configure:10396: checking for gcc option to produce PIC
configure:10668: result: -fPIC -DPIC
configure:10680: checking if gcc PIC flag -fPIC -DPIC works
configure:10698: gcc -c -O2  -fPIC -DPIC -DPIC conftest.c >&5
configure:10702: $? = 0
configure:10715: result: yes
configure:10739: checking if gcc static flag -static works
configure:10767: result: yes
configure:10782: checking if gcc supports -c -o file.o
configure:10803: gcc -c -O2  -o out/conftest2.o conftest.c >&5
configure:10807: $? = 0
configure:10829: result: yes
configure:10837: checking if gcc supports -c -o file.o
configure:10884: result: yes
configure:10917: checking whether the gcc linker (/usr/bin/ld -m elf_x86_64) supports shared libraries
configure:11908: result: yes
configure:11945: checking whether -lc should be explicitly linked in
configure:11950: gcc -c -O2  conftest.c >&5
configure:11953: $? = 0
configure:11968: gcc -shared conftest.o  -v -Wl,-soname -Wl,conftest -o conftest 2\>\&1 \| /bin/grep  -lc  \>/dev/null 2\>\&1
configure:11971: $? = 0
configure:11983: result: no
configure:12147: checking dynamic linker characteristics
configure:12580: gcc -o conftest -O2   -Wl,-rpath -Wl,/foo conftest.c  >&5
configure:12580: $? = 0
configure:12810: result: GNU/Linux ld.so
configure:12912: checking how to hardcode library paths into programs
configure:12937: result: immediate
configure:13457: checking whether stripping libraries is possible
configure:13462: result: yes
configure:13497: checking if libtool supports shared libraries
configure:13499: result: yes
configure:13502: checking whether to build shared libraries
configure:13523: result: yes
configure:13526: checking whether to build static libraries
configure:13530: result: yes
configure:16468: checking for pkg-config
configure:16486: found /usr/bin/pkg-config
configure:16498: result: /usr/bin/pkg-config
configure:16523: checking pkg-config is at least version 0.9.0
configure:16526: result: yes
configure:16536: checking for BJAVALOADER_GUI
configure:16543: $PKG_CONFIG --exists --print-errors "gtkmm-2.4 >= 2.12"
Package gtkmm-2.4 was not found in the pkg-config search path.
Perhaps you should add the directory containing `gtkmm-2.4.pc'
to the PKG_CONFIG_PATH environment variable
No package 'gtkmm-2.4' found
configure:16546: $? = 1
configure:16559: $PKG_CONFIG --exists --print-errors "gtkmm-2.4 >= 2.12"
Package gtkmm-2.4 was not found in the pkg-config search path.
Perhaps you should add the directory containing `gtkmm-2.4.pc'
to the PKG_CONFIG_PATH environment variable
No package 'gtkmm-2.4' found
configure:16562: $? = 1
configure:16575: result: no
No package 'gtkmm-2.4' found
configure:16591: error: Package requirements (gtkmm-2.4 >= 2.12) were not met:

No package 'gtkmm-2.4' found

Consider adjusting the PKG_CONFIG_PATH environment variable if you
installed software in a non-standard prefix.

Alternatively, you may set the environment variables BJAVALOADER_GUI_CFLAGS
and BJAVALOADER_GUI_LIBS to avoid the need to call pkg-config.
See the pkg-config man page for more details.

## ---------------- ##
## Cache variables. ##
## ---------------- ##

ac_cv_build=x86_64-unknown-linux-gnu
ac_cv_c_compiler_gnu=yes
ac_cv_cxx_compiler_gnu=no
ac_cv_env_BJAVALOADER_GUI_CFLAGS_set=
ac_cv_env_BJAVALOADER_GUI_CFLAGS_value=
ac_cv_env_BJAVALOADER_GUI_LIBS_set=
ac_cv_env_BJAVALOADER_GUI_LIBS_value=
ac_cv_env_CCC_set=
ac_cv_env_CCC_value=
ac_cv_env_CC_set=
ac_cv_env_CC_value=
ac_cv_env_CFLAGS_set=set
ac_cv_env_CFLAGS_value=-O2
ac_cv_env_CPPFLAGS_set=
ac_cv_env_CPPFLAGS_value=
ac_cv_env_CPP_set=
ac_cv_env_CPP_value=
ac_cv_env_CXXCPP_set=
ac_cv_env_CXXCPP_value=
ac_cv_env_CXXFLAGS_set=set
ac_cv_env_CXXFLAGS_value=-O2
ac_cv_env_CXX_set=
ac_cv_env_CXX_value=
ac_cv_env_LDFLAGS_set=
ac_cv_env_LDFLAGS_value=
ac_cv_env_LIBS_set=
ac_cv_env_LIBS_value=
ac_cv_env_PKG_CONFIG_LIBDIR_set=
ac_cv_env_PKG_CONFIG_LIBDIR_value=
ac_cv_env_PKG_CONFIG_PATH_set=
ac_cv_env_PKG_CONFIG_PATH_value=
ac_cv_env_PKG_CONFIG_set=
ac_cv_env_PKG_CONFIG_value=
ac_cv_env_build_alias_set=
ac_cv_env_build_alias_value=
ac_cv_env_host_alias_set=
ac_cv_env_host_alias_value=
ac_cv_env_target_alias_set=
ac_cv_env_target_alias_value=
ac_cv_func_bind_textdomain_codeset=yes
ac_cv_func_dcgettext=yes
ac_cv_header_dlfcn_h=yes
ac_cv_header_inttypes_h=yes
ac_cv_header_libintl_h=yes
ac_cv_header_locale_h=yes
ac_cv_header_memory_h=yes
ac_cv_header_stdc=yes
ac_cv_header_stdint_h=yes
ac_cv_header_stdlib_h=yes
ac_cv_header_string_h=yes
ac_cv_header_strings_h=yes
ac_cv_header_sys_stat_h=yes
ac_cv_header_sys_types_h=yes
ac_cv_header_unistd_h=yes
ac_cv_host=x86_64-unknown-linux-gnu
ac_cv_objext=o
ac_cv_path_EGREP='/bin/grep -E'
ac_cv_path_FGREP='/bin/grep -F'
ac_cv_path_GMSGFMT=/usr/bin/msgfmt
ac_cv_path_GREP=/bin/grep
ac_cv_path_INTLTOOL_EXTRACT=/usr/bin/intltool-extract
ac_cv_path_INTLTOOL_MERGE=/usr/bin/intltool-merge
ac_cv_path_INTLTOOL_PERL=/usr/bin/perl
ac_cv_path_INTLTOOL_UPDATE=/usr/bin/intltool-update
ac_cv_path_MSGFMT=/usr/bin/msgfmt
ac_cv_path_MSGMERGE=/usr/bin/msgmerge
ac_cv_path_SED=/bin/sed
ac_cv_path_XGETTEXT=/usr/bin/xgettext
ac_cv_path_ac_pt_PKG_CONFIG=/usr/bin/pkg-config
ac_cv_path_install='/usr/bin/install -c'
ac_cv_path_mkdir=/bin/mkdir
ac_cv_prog_AWK=mawk
ac_cv_prog_CPP='gcc -E'
ac_cv_prog_ac_ct_AR=ar
ac_cv_prog_ac_ct_CC=gcc
ac_cv_prog_ac_ct_OBJDUMP=objdump
ac_cv_prog_ac_ct_RANLIB=ranlib
ac_cv_prog_ac_ct_STRIP=strip
ac_cv_prog_cc_c89=
ac_cv_prog_cc_g=yes
ac_cv_prog_cxx_g=no
ac_cv_prog_make_make_set=yes
ac_cv_search_strerror='none required'
am_cv_CC_dependencies_compiler_type=gcc3
am_cv_CXX_dependencies_compiler_type=none
am_cv_prog_cc_stdc=
am_cv_val_LC_MESSAGES=yes
gt_cv_func_dgettext_libc=yes
gt_cv_func_dgettext_libintl=no
gt_cv_func_ngettext_libc=yes
gt_cv_have_gettext=yes
lt_cv_deplibs_check_method=pass_all
lt_cv_file_magic_cmd='$MAGIC_CMD'
lt_cv_file_magic_test_file=
lt_cv_ld_reload_flag=-r
lt_cv_nm_interface='BSD nm'
lt_cv_objdir=.libs
lt_cv_path_LD=/usr/bin/ld
lt_cv_path_NM='/usr/bin/nm -B'
lt_cv_prog_compiler_c_o=yes
lt_cv_prog_compiler_pic_works=yes
lt_cv_prog_compiler_rtti_exceptions=no
lt_cv_prog_compiler_static_works=yes
lt_cv_prog_gnu_ld=yes
lt_cv_sys_global_symbol_pipe='sed -n -e '\''s/^.*[	 ]\([ABCDGIRSTW][ABCDGIRSTW]*\)[	 ][	 ]*\([_A-Za-z][_A-Za-z0-9]*\)$/\1 \2 \2/p'\'''
lt_cv_sys_global_symbol_to_c_name_address='sed -n -e '\''s/^: \([^ ]*\) $/  {\"\1\", (void *) 0},/p'\'' -e '\''s/^[ABCDGIRSTW]* \([^ ]*\) \([^ ]*\)$/  {"\2", (void *) \&\2},/p'\'''
lt_cv_sys_global_symbol_to_c_name_address_lib_prefix='sed -n -e '\''s/^: \([^ ]*\) $/  {\"\1\", (void *) 0},/p'\'' -e '\''s/^[ABCDGIRSTW]* \([^ ]*\) \(lib[^ ]*\)$/  {"\2", (void *) \&\2},/p'\'' -e '\''s/^[ABCDGIRSTW]* \([^ ]*\) \([^ ]*\)$/  {"lib\2", (void *) \&\2},/p'\'''
lt_cv_sys_global_symbol_to_cdecl='sed -n -e '\''s/^T .* \(.*\)$/extern int \1();/p'\'' -e '\''s/^[ABCDGIRSTW]* .* \(.*\)$/extern char \1;/p'\'''
lt_cv_sys_max_cmd_len=1572864

## ----------------- ##
## Output variables. ##
## ----------------- ##

ACLOCAL='${SHELL} /home/taylorkspencer/Personal_Coding_Projects/bjavaloader-gui/missing --run aclocal-1.11'
ALL_LINGUAS=''
AMDEPBACKSLASH='\'
AMDEP_FALSE='#'
AMDEP_TRUE=''
AMTAR='${SHELL} /home/taylorkspencer/Personal_Coding_Projects/bjavaloader-gui/missing --run tar'
AM_BACKSLASH='\'
AM_DEFAULT_VERBOSITY='0'
AR='ar'
AUTOCONF='${SHELL} /home/taylorkspencer/Personal_Coding_Projects/bjavaloader-gui/missing --run autoconf'
AUTOHEADER='${SHELL} /home/taylorkspencer/Personal_Coding_Projects/bjavaloader-gui/missing --run autoheader'
AUTOMAKE='${SHELL} /home/taylorkspencer/Personal_Coding_Projects/bjavaloader-gui/missing --run automake-1.11'
AWK='mawk'
BJAVALOADER_GUI_CFLAGS=''
BJAVALOADER_GUI_LIBS=''
CATALOGS=''
CATOBJEXT='.gmo'
CC='gcc'
CCDEPMODE='depmode=gcc3'
CFLAGS='-O2'
CPP='gcc -E'
CPPFLAGS=''
CXX='g++'
CXXCPP=''
CXXDEPMODE='depmode=none'
CXXFLAGS='-O2'
CYGPATH_W='echo'
DATADIRNAME='share'
DEFS=''
DEPDIR='.deps'
DSYMUTIL=''
DUMPBIN=''
ECHO_C=''
ECHO_N='-n'
ECHO_T=''
EGREP='/bin/grep -E'
EXEEXT=''
FGREP='/bin/grep -F'
GETTEXT_PACKAGE='bjavaloader-gui'
GMOFILES=''
GMSGFMT='/usr/bin/msgfmt'
GREP='/bin/grep'
INSTALL_DATA='${INSTALL} -m 644'
INSTALL_PROGRAM='${INSTALL}'
INSTALL_SCRIPT='${INSTALL}'
INSTALL_STRIP_PROGRAM='$(install_sh) -c -s'
INSTOBJEXT='.mo'
INTLLIBS=''
INTLTOOL_CAVES_RULE='%.caves:     %.caves.in     $(INTLTOOL_MERGE) $(wildcard $(top_srcdir)/po/*.po) ; LC_ALL=C $(INTLTOOL_MERGE) -d -u -c $(top_builddir)/po/.intltool-merge-cache $(top_srcdir)/po $< $@'
INTLTOOL_DESKTOP_RULE='%.desktop:   %.desktop.in   $(INTLTOOL_MERGE) $(wildcard $(top_srcdir)/po/*.po) ; LC_ALL=C $(INTLTOOL_MERGE) -d -u -c $(top_builddir)/po/.intltool-merge-cache $(top_srcdir)/po $< $@'
INTLTOOL_DIRECTORY_RULE='%.directory: %.directory.in $(INTLTOOL_MERGE) $(wildcard $(top_srcdir)/po/*.po) ; LC_ALL=C $(INTLTOOL_MERGE) -d -u -c $(top_builddir)/po/.intltool-merge-cache $(top_srcdir)/po $< $@'
INTLTOOL_EXTRACT='/usr/bin/intltool-extract'
INTLTOOL_KBD_RULE='%.kbd:       %.kbd.in       $(INTLTOOL_MERGE) $(wildcard $(top_srcdir)/po/*.po) ; LC_ALL=C $(INTLTOOL_MERGE) -x -u -m -c $(top_builddir)/po/.intltool-merge-cache $(top_srcdir)/po $< $@'
INTLTOOL_KEYS_RULE='%.keys:      %.keys.in      $(INTLTOOL_MERGE) $(wildcard $(top_srcdir)/po/*.po) ; LC_ALL=C $(INTLTOOL_MERGE) -k -u -c $(top_builddir)/po/.intltool-merge-cache $(top_srcdir)/po $< $@'
INTLTOOL_MERGE='/usr/bin/intltool-merge'
INTLTOOL_OAF_RULE='%.oaf:       %.oaf.in       $(INTLTOOL_MERGE) $(wildcard $(top_srcdir)/po/*.po) ; LC_ALL=C $(INTLTOOL_MERGE) -o -p $(top_srcdir)/po $< $@'
INTLTOOL_PERL='/usr/bin/perl'
INTLTOOL_POLICY_RULE='%.policy:    %.policy.in    $(INTLTOOL_MERGE) $(wildcard $(top_srcdir)/po/*.po) ; LC_ALL=C $(INTLTOOL_MERGE) -x -u -c $(top_builddir)/po/.intltool-merge-cache $(top_srcdir)/po $< $@'
INTLTOOL_PONG_RULE='%.pong:      %.pong.in      $(INTLTOOL_MERGE) $(wildcard $(top_srcdir)/po/*.po) ; LC_ALL=C $(INTLTOOL_MERGE) -x -u -c $(top_builddir)/po/.intltool-merge-cache $(top_srcdir)/po $< $@'
INTLTOOL_PROP_RULE='%.prop:      %.prop.in      $(INTLTOOL_MERGE) $(wildcard $(top_srcdir)/po/*.po) ; LC_ALL=C $(INTLTOOL_MERGE) -d -u -c $(top_builddir)/po/.intltool-merge-cache $(top_srcdir)/po $< $@'
INTLTOOL_SCHEMAS_RULE='%.schemas:   %.schemas.in   $(INTLTOOL_MERGE) $(wildcard $(top_srcdir)/po/*.po) ; LC_ALL=C $(INTLTOOL_MERGE) -s -u -c $(top_builddir)/po/.intltool-merge-cache $(top_srcdir)/po $< $@'
INTLTOOL_SERVER_RULE='%.server:    %.server.in    $(INTLTOOL_MERGE) $(wildcard $(top_srcdir)/po/*.po) ; LC_ALL=C $(INTLTOOL_MERGE) -o -u -c $(top_builddir)/po/.intltool-merge-cache $(top_srcdir)/po $< $@'
INTLTOOL_SERVICE_RULE='%.service: %.service.in   $(INTLTOOL_MERGE) $(wildcard $(top_srcdir)/po/*.po) ; LC_ALL=C $(INTLTOOL_MERGE) -d -u -c $(top_builddir)/po/.intltool-merge-cache $(top_srcdir)/po $< $@'
INTLTOOL_SHEET_RULE='%.sheet:     %.sheet.in     $(INTLTOOL_MERGE) $(wildcard $(top_srcdir)/po/*.po) ; LC_ALL=C $(INTLTOOL_MERGE) -x -u -c $(top_builddir)/po/.intltool-merge-cache $(top_srcdir)/po $< $@'
INTLTOOL_SOUNDLIST_RULE='%.soundlist: %.soundlist.in $(INTLTOOL_MERGE) $(wildcard $(top_srcdir)/po/*.po) ; LC_ALL=C $(INTLTOOL_MERGE) -d -u -c $(top_builddir)/po/.intltool-merge-cache $(top_srcdir)/po $< $@'
INTLTOOL_THEME_RULE='%.theme:     %.theme.in     $(INTLTOOL_MERGE) $(wildcard $(top_srcdir)/po/*.po) ; LC_ALL=C $(INTLTOOL_MERGE) -d -u -c $(top_builddir)/po/.intltool-merge-cache $(top_srcdir)/po $< $@'
INTLTOOL_UI_RULE='%.ui:        %.ui.in        $(INTLTOOL_MERGE) $(wildcard $(top_srcdir)/po/*.po) ; LC_ALL=C $(INTLTOOL_MERGE) -x -u -c $(top_builddir)/po/.intltool-merge-cache $(top_srcdir)/po $< $@'
INTLTOOL_UPDATE='/usr/bin/intltool-update'
INTLTOOL_XAM_RULE='%.xam:       %.xml.in       $(INTLTOOL_MERGE) $(wildcard $(top_srcdir)/po/*.po) ; LC_ALL=C $(INTLTOOL_MERGE) -x -u -c $(top_builddir)/po/.intltool-merge-cache $(top_srcdir)/po $< $@'
INTLTOOL_XML_NOMERGE_RULE='%.xml:       %.xml.in       $(INTLTOOL_MERGE) ; LC_ALL=C $(INTLTOOL_MERGE) -x -u /tmp $< $@'
INTLTOOL_XML_RULE='%.xml:       %.xml.in       $(INTLTOOL_MERGE) $(wildcard $(top_srcdir)/po/*.po) ; LC_ALL=C $(INTLTOOL_MERGE) -x -u -c $(top_builddir)/po/.intltool-merge-cache $(top_srcdir)/po $< $@'
LD='/usr/bin/ld -m elf_x86_64'
LDFLAGS=''
LIBOBJS=''
LIBS=''
LIBTOOL='$(SHELL) $(top_builddir)/libtool'
LIPO=''
LN_S='ln -s'
LTLIBOBJS=''
MAINT=''
MAINTAINER_MODE_FALSE='#'
MAINTAINER_MODE_TRUE=''
MAKEINFO='${SHELL} /home/taylorkspencer/Personal_Coding_Projects/bjavaloader-gui/missing --run makeinfo'
MKDIR_P='/bin/mkdir -p'
MKINSTALLDIRS='/home/taylorkspencer/Personal_Coding_Projects/bjavaloader-gui/mkinstalldirs'
MSGFMT='/usr/bin/msgfmt'
MSGFMT_OPTS='-c'
MSGMERGE='/usr/bin/msgmerge'
NM='/usr/bin/nm -B'
NMEDIT=''
OBJDUMP='objdump'
OBJEXT='o'
OTOOL64=''
OTOOL=''
PACKAGE='bjavaloader-gui'
PACKAGE_BUGREPORT=''
PACKAGE_NAME='bjavaloader-gui'
PACKAGE_STRING='bjavaloader-gui 1.0'
PACKAGE_TARNAME='bjavaloader-gui'
PACKAGE_URL=''
PACKAGE_VERSION='1.0'
PATH_SEPARATOR=':'
PKG_CONFIG='/usr/bin/pkg-config'
PKG_CONFIG_LIBDIR=''
PKG_CONFIG_PATH=''
POFILES=''
POSUB='po'
PO_IN_DATADIR_FALSE=''
PO_IN_DATADIR_TRUE=''
RANLIB='ranlib'
SED='/bin/sed'
SET_MAKE=''
SHELL='/bin/bash'
STRIP='strip'
USE_NLS='yes'
VERSION='1.0'
XGETTEXT='/usr/bin/xgettext'
ac_ct_CC='gcc'
ac_ct_CXX=''
ac_ct_DUMPBIN=''
am__EXEEXT_FALSE=''
am__EXEEXT_TRUE=''
am__fastdepCC_FALSE='#'
am__fastdepCC_TRUE=''
am__fastdepCXX_FALSE=''
am__fastdepCXX_TRUE='#'
am__include='include'
am__isrc=' -I$(srcdir)'
am__leading_dot='.'
am__quote=''
am__tar='${AMTAR} chof - "$$tardir"'
am__untar='${AMTAR} xf -'
bindir='${exec_prefix}/bin'
build='x86_64-unknown-linux-gnu'
build_alias=''
build_cpu='x86_64'
build_os='linux-gnu'
build_vendor='unknown'
datadir='${datarootdir}'
datarootdir='${prefix}/share'
docdir='${datarootdir}/doc/${PACKAGE_TARNAME}'
dvidir='${docdir}'
exec_prefix='NONE'
host='x86_64-unknown-linux-gnu'
host_alias=''
host_cpu='x86_64'
host_os='linux-gnu'
host_vendor='unknown'
htmldir='${docdir}'
includedir='${prefix}/include'
infodir='${datarootdir}/info'
install_sh='${SHELL} /home/taylorkspencer/Personal_Coding_Projects/bjavaloader-gui/install-sh'
libdir='${exec_prefix}/lib'
libexecdir='${exec_prefix}/libexec'
localedir='${datarootdir}/locale'
localstatedir='${prefix}/var'
lt_ECHO='echo'
mandir='${datarootdir}/man'
mkdir_p='/bin/mkdir -p'
oldincludedir='/usr/include'
pdfdir='${docdir}'
prefix='NONE'
program_transform_name='s,x,x,'
psdir='${docdir}'
sbindir='${exec_prefix}/sbin'
sharedstatedir='${prefix}/com'
sysconfdir='${prefix}/etc'
target_alias=''

## ----------- ##
## confdefs.h. ##
## ----------- ##

/* confdefs.h */
#define PACKAGE_NAME "bjavaloader-gui"
#define PACKAGE_TARNAME "bjavaloader-gui"
#define PACKAGE_VERSION "1.0"
#define PACKAGE_STRING "bjavaloader-gui 1.0"
#define PACKAGE_BUGREPORT ""
#define PACKAGE_URL ""
#define PACKAGE "bjavaloader-gui"
#define VERSION "1.0"
#define STDC_HEADERS 1
#define GETTEXT_PACKAGE "bjavaloader-gui"
#define HAVE_SYS_TYPES_H 1
#define HAVE_SYS_STAT_H 1
#define HAVE_STDLIB_H 1
#define HAVE_STRING_H 1
#define HAVE_MEMORY_H 1
#define HAVE_STRINGS_H 1
#define HAVE_INTTYPES_H 1
#define HAVE_STDINT_H 1
#define HAVE_UNISTD_H 1
#define HAVE_LOCALE_H 1
#define HAVE_LC_MESSAGES 1
#define HAVE_BIND_TEXTDOMAIN_CODESET 1
#define HAVE_GETTEXT 1
#define HAVE_DCGETTEXT 1
#define ENABLE_NLS 1
#define HAVE_DLFCN_H 1
#define LT_OBJDIR ".libs/"

configure: exit 1
